<?xml version="1.0" encoding="UTF-8"?>
<testsuite xmlns:xsi="http://www.w3.org/2001/XMLSchema-instance" xsi:noNamespaceSchemaLocation="https://maven.apache.org/surefire/maven-surefire-plugin/xsd/surefire-test-report-3.0.xsd" version="3.0" name="com.youtopin.vaadin.samples.infrastructure.menu.JsonNavigationMenuServiceTest" time="0.291" tests="5" errors="0" skipped="0" failures="0">
  <properties>
[...]
</properties>
  <testcase name="unknownLogicValueResultsInIllegalState" classname="com.youtopin.vaadin.samples.infrastructure.menu.JsonNavigationMenuServiceTest" time="0.135">
    <system-out><![CDATA[17:32:01.748 [main] INFO com.youtopin.vaadin.samples.infrastructure.menu.JsonNavigationMenuService -- Loaded 1 navigation menu definition(s) from Byte array resource [resource loaded from byte array]
]]></system-out>
  </testcase>
  <testcase name="missingLabelKeyFailsFast" classname="com.youtopin.vaadin.samples.infrastructure.menu.JsonNavigationMenuServiceTest" time="0.002"/>
  <testcase name="andLogicRequiresAllScopesToBePresent" classname="com.youtopin.vaadin.samples.infrastructure.menu.JsonNavigationMenuServiceTest" time="0.012">
    <system-out><![CDATA[17:32:01.823 [main] INFO com.youtopin.vaadin.samples.infrastructure.menu.JsonNavigationMenuService -- Loaded 1 navigation menu definition(s) from Byte array resource [resource loaded from byte array]
17:32:01.823 [main] INFO com.youtopin.vaadin.samples.infrastructure.menu.JsonNavigationMenuService -- Loaded 1 navigation menu definition(s) from Byte array resource [resource loaded from byte array]
]]></system-out>
  </testcase>
  <testcase name="orLogicAllowsAccessWhenAnyScopeMatches" classname="com.youtopin.vaadin.samples.infrastructure.menu.JsonNavigationMenuServiceTest" time="0.002">
    <system-out><![CDATA[17:32:01.836 [main] INFO com.youtopin.vaadin.samples.infrastructure.menu.JsonNavigationMenuService -- Loaded 1 navigation menu definition(s) from Byte array resource [resource loaded from byte array]
]]></system-out>
  </testcase>
  <testcase name="whitespaceIsTrimmedAndIconNameIsNormalised" classname="com.youtopin.vaadin.samples.infrastructure.menu.JsonNavigationMenuServiceTest" time="0.009">
    <system-out><![CDATA[17:32:01.839 [main] INFO com.youtopin.vaadin.samples.infrastructure.menu.JsonNavigationMenuService -- Loaded 1 navigation menu definition(s) from Byte array resource [resource loaded from byte array]
]]></system-out>
  </testcase>
</testsuite>